0 info it worked if it ends with ok
1 verbose cli [ 'C:\\Program Files\\nodejs\\node.exe',
1 verbose cli   'C:\\Program Files\\nodejs\\node_modules\\npm\\bin\\npm-cli.js',
1 verbose cli   'install',
1 verbose cli   'webworker-threads' ]
2 info using npm@3.10.8
3 info using node@v6.9.1
4 silly loadCurrentTree Starting
5 silly install loadCurrentTree
6 silly install readLocalPackageData
7 silly fetchPackageMetaData webworker-threads
8 silly fetchNamedPackageData webworker-threads
9 silly mapToRegistry name webworker-threads
10 silly mapToRegistry using default registry
11 silly mapToRegistry registry https://registry.npmjs.org/
12 silly mapToRegistry data Result {
12 silly mapToRegistry   raw: 'webworker-threads',
12 silly mapToRegistry   scope: null,
12 silly mapToRegistry   escapedName: 'webworker-threads',
12 silly mapToRegistry   name: 'webworker-threads',
12 silly mapToRegistry   rawSpec: '',
12 silly mapToRegistry   spec: 'latest',
12 silly mapToRegistry   type: 'tag' }
13 silly mapToRegistry uri https://registry.npmjs.org/webworker-threads
14 verbose request uri https://registry.npmjs.org/webworker-threads
15 verbose request no auth needed
16 info attempt registry request try #1 at 15:43:38
17 verbose request id 2ed19745f2d8e0af
18 http request GET https://registry.npmjs.org/webworker-threads
19 http 200 https://registry.npmjs.org/webworker-threads
20 verbose headers { server: 'nginx/1.10.1',
20 verbose headers   'content-type': 'application/json',
20 verbose headers   'last-modified': 'Fri, 18 Nov 2016 14:34:11 GMT',
20 verbose headers   etag: 'W/"582f1163-1e80e"',
20 verbose headers   'content-encoding': 'gzip',
20 verbose headers   'cache-control': 'max-age=300',
20 verbose headers   'content-length': '11813',
20 verbose headers   'accept-ranges': 'bytes',
20 verbose headers   date: 'Sun, 27 Nov 2016 14:43:38 GMT',
20 verbose headers   via: '1.1 varnish',
20 verbose headers   age: '0',
20 verbose headers   connection: 'keep-alive',
20 verbose headers   'x-served-by': 'cache-fra1240-FRA',
20 verbose headers   'x-cache': 'MISS',
20 verbose headers   'x-cache-hits': '0',
20 verbose headers   'x-timer': 'S1480257818.458869,VS0,VE1',
20 verbose headers   vary: 'Accept-Encoding' }
21 silly get cb [ 200,
21 silly get   { server: 'nginx/1.10.1',
21 silly get     'content-type': 'application/json',
21 silly get     'last-modified': 'Fri, 18 Nov 2016 14:34:11 GMT',
21 silly get     etag: 'W/"582f1163-1e80e"',
21 silly get     'content-encoding': 'gzip',
21 silly get     'cache-control': 'max-age=300',
21 silly get     'content-length': '11813',
21 silly get     'accept-ranges': 'bytes',
21 silly get     date: 'Sun, 27 Nov 2016 14:43:38 GMT',
21 silly get     via: '1.1 varnish',
21 silly get     age: '0',
21 silly get     connection: 'keep-alive',
21 silly get     'x-served-by': 'cache-fra1240-FRA',
21 silly get     'x-cache': 'MISS',
21 silly get     'x-cache-hits': '0',
21 silly get     'x-timer': 'S1480257818.458869,VS0,VE1',
21 silly get     vary: 'Accept-Encoding' } ]
22 verbose get saving webworker-threads to C:\Users\Jakob\AppData\Roaming\npm-cache\registry.npmjs.org\webworker-threads\.cache.json
23 verbose correctMkdir C:\Users\Jakob\AppData\Roaming\npm-cache correctMkdir not in flight; initializing
24 silly install normalizeTree
25 silly loadCurrentTree Finishing
26 silly loadIdealTree Starting
27 silly install loadIdealTree
28 silly cloneCurrentTree Starting
29 silly install cloneCurrentTreeToIdealTree
30 silly cloneCurrentTree Finishing
31 silly loadShrinkwrap Starting
32 silly install loadShrinkwrap
33 silly loadShrinkwrap Finishing
34 silly loadAllDepsIntoIdealTree Starting
35 silly install loadAllDepsIntoIdealTree
36 silly resolveWithNewModule webworker-threads@0.7.9 checking installable status
37 silly cache add args [ 'webworker-threads', null ]
38 verbose cache add spec webworker-threads
39 silly cache add parsed spec Result {
39 silly cache add   raw: 'webworker-threads',
39 silly cache add   scope: null,
39 silly cache add   escapedName: 'webworker-threads',
39 silly cache add   name: 'webworker-threads',
39 silly cache add   rawSpec: '',
39 silly cache add   spec: 'latest',
39 silly cache add   type: 'tag' }
40 silly addNamed webworker-threads@latest
41 verbose addNamed "latest" is being treated as a dist-tag for webworker-threads
42 info addNameTag [ 'webworker-threads', 'latest' ]
43 silly mapToRegistry name webworker-threads
44 silly mapToRegistry using default registry
45 silly mapToRegistry registry https://registry.npmjs.org/
46 silly mapToRegistry data Result {
46 silly mapToRegistry   raw: 'webworker-threads',
46 silly mapToRegistry   scope: null,
46 silly mapToRegistry   escapedName: 'webworker-threads',
46 silly mapToRegistry   name: 'webworker-threads',
46 silly mapToRegistry   rawSpec: '',
46 silly mapToRegistry   spec: 'latest',
46 silly mapToRegistry   type: 'tag' }
47 silly mapToRegistry uri https://registry.npmjs.org/webworker-threads
48 verbose addNameTag registry:https://registry.npmjs.org/webworker-threads not in flight; fetching
49 verbose get https://registry.npmjs.org/webworker-threads not expired, no request
50 silly addNameTag next cb for webworker-threads with tag latest
51 silly addNamed webworker-threads@0.7.9
52 verbose addNamed "0.7.9" is a plain semver version for webworker-threads
53 silly mapToRegistry name webworker-threads
54 silly mapToRegistry using default registry
55 silly mapToRegistry registry https://registry.npmjs.org/
56 silly mapToRegistry data Result {
56 silly mapToRegistry   raw: 'webworker-threads',
56 silly mapToRegistry   scope: null,
56 silly mapToRegistry   escapedName: 'webworker-threads',
56 silly mapToRegistry   name: 'webworker-threads',
56 silly mapToRegistry   rawSpec: '',
56 silly mapToRegistry   spec: 'latest',
56 silly mapToRegistry   type: 'tag' }
57 silly mapToRegistry uri https://registry.npmjs.org/webworker-threads
58 verbose addRemoteTarball https://registry.npmjs.org/webworker-threads/-/webworker-threads-0.7.9.tgz not in flight; adding
59 verbose addRemoteTarball [ 'https://registry.npmjs.org/webworker-threads/-/webworker-threads-0.7.9.tgz',
59 verbose addRemoteTarball   '1482782abb64d80997a159b524dec9521e865f48' ]
60 info retry fetch attempt 1 at 15:43:39
61 info attempt registry request try #1 at 15:43:39
62 http fetch GET https://registry.npmjs.org/webworker-threads/-/webworker-threads-0.7.9.tgz
63 http fetch 200 https://registry.npmjs.org/webworker-threads/-/webworker-threads-0.7.9.tgz
64 silly fetchAndShaCheck shasum 1482782abb64d80997a159b524dec9521e865f48
65 verbose addTmpTarball C:\Users\Jakob\AppData\Local\Temp\npm-4888-09b929d1\registry.npmjs.org\webworker-threads\-\webworker-threads-0.7.9.tgz not in flight; adding
66 verbose addTmpTarball already have metadata; skipping unpack for webworker-threads@0.7.9
67 verbose correctMkdir C:\Users\Jakob\AppData\Roaming\npm-cache correctMkdir not in flight; initializing
68 silly cache afterAdd webworker-threads@0.7.9
69 verbose afterAdd C:\Users\Jakob\AppData\Roaming\npm-cache\webworker-threads\0.7.9\package\package.json not in flight; writing
70 verbose correctMkdir C:\Users\Jakob\AppData\Roaming\npm-cache correctMkdir not in flight; initializing
71 verbose afterAdd C:\Users\Jakob\AppData\Roaming\npm-cache\webworker-threads\0.7.9\package\package.json written
72 silly fetchNamedPackageData bindings
73 silly mapToRegistry name bindings
74 silly mapToRegistry using default registry
75 silly mapToRegistry registry https://registry.npmjs.org/
76 silly mapToRegistry data Result {
76 silly mapToRegistry   raw: 'bindings',
76 silly mapToRegistry   scope: null,
76 silly mapToRegistry   escapedName: 'bindings',
76 silly mapToRegistry   name: 'bindings',
76 silly mapToRegistry   rawSpec: '',
76 silly mapToRegistry   spec: 'latest',
76 silly mapToRegistry   type: 'tag' }
77 silly mapToRegistry uri https://registry.npmjs.org/bindings
78 silly fetchNamedPackageData nan
79 silly mapToRegistry name nan
80 silly mapToRegistry using default registry
81 silly mapToRegistry registry https://registry.npmjs.org/
82 silly mapToRegistry data Result {
82 silly mapToRegistry   raw: 'nan',
82 silly mapToRegistry   scope: null,
82 silly mapToRegistry   escapedName: 'nan',
82 silly mapToRegistry   name: 'nan',
82 silly mapToRegistry   rawSpec: '',
82 silly mapToRegistry   spec: 'latest',
82 silly mapToRegistry   type: 'tag' }
83 silly mapToRegistry uri https://registry.npmjs.org/nan
84 verbose request uri https://registry.npmjs.org/bindings
85 verbose request no auth needed
86 info attempt registry request try #1 at 15:43:39
87 verbose etag W/"580645d3-46f7"
88 verbose lastModified Tue, 18 Oct 2016 15:54:59 GMT
89 http request GET https://registry.npmjs.org/bindings
90 verbose request uri https://registry.npmjs.org/nan
91 verbose request no auth needed
92 info attempt registry request try #1 at 15:43:39
93 verbose etag W/"5818d749-1ce1e"
94 verbose lastModified Tue, 01 Nov 2016 17:56:25 GMT
95 http request GET https://registry.npmjs.org/nan
96 http 304 https://registry.npmjs.org/bindings
97 verbose headers { date: 'Sun, 27 Nov 2016 14:43:39 GMT',
97 verbose headers   via: '1.1 varnish',
97 verbose headers   'cache-control': 'max-age=300',
97 verbose headers   etag: 'W/"580645d3-46f7"',
97 verbose headers   age: '181',
97 verbose headers   connection: 'keep-alive',
97 verbose headers   'x-served-by': 'cache-fra1240-FRA',
97 verbose headers   'x-cache': 'HIT',
97 verbose headers   'x-cache-hits': '2',
97 verbose headers   'x-timer': 'S1480257819.415089,VS0,VE0',
97 verbose headers   vary: 'Accept-Encoding' }
98 silly get cb [ 304,
98 silly get   { date: 'Sun, 27 Nov 2016 14:43:39 GMT',
98 silly get     via: '1.1 varnish',
98 silly get     'cache-control': 'max-age=300',
98 silly get     etag: 'W/"580645d3-46f7"',
98 silly get     age: '181',
98 silly get     connection: 'keep-alive',
98 silly get     'x-served-by': 'cache-fra1240-FRA',
98 silly get     'x-cache': 'HIT',
98 silly get     'x-cache-hits': '2',
98 silly get     'x-timer': 'S1480257819.415089,VS0,VE0',
98 silly get     vary: 'Accept-Encoding' } ]
99 verbose etag https://registry.npmjs.org/bindings from cache
100 verbose get saving bindings to C:\Users\Jakob\AppData\Roaming\npm-cache\registry.npmjs.org\bindings\.cache.json
101 verbose correctMkdir C:\Users\Jakob\AppData\Roaming\npm-cache correctMkdir not in flight; initializing
102 silly resolveWithNewModule bindings@1.2.1 checking installable status
103 silly cache add args [ 'bindings@^1.2.1', null ]
104 verbose cache add spec bindings@^1.2.1
105 silly cache add parsed spec Result {
105 silly cache add   raw: 'bindings@^1.2.1',
105 silly cache add   scope: null,
105 silly cache add   escapedName: 'bindings',
105 silly cache add   name: 'bindings',
105 silly cache add   rawSpec: '^1.2.1',
105 silly cache add   spec: '>=1.2.1 <2.0.0',
105 silly cache add   type: 'range' }
106 silly addNamed bindings@>=1.2.1 <2.0.0
107 verbose addNamed ">=1.2.1 <2.0.0" is a valid semver range for bindings
108 silly addNameRange { name: 'bindings', range: '>=1.2.1 <2.0.0', hasData: false }
109 silly mapToRegistry name bindings
110 silly mapToRegistry using default registry
111 silly mapToRegistry registry https://registry.npmjs.org/
112 silly mapToRegistry data Result {
112 silly mapToRegistry   raw: 'bindings',
112 silly mapToRegistry   scope: null,
112 silly mapToRegistry   escapedName: 'bindings',
112 silly mapToRegistry   name: 'bindings',
112 silly mapToRegistry   rawSpec: '',
112 silly mapToRegistry   spec: 'latest',
112 silly mapToRegistry   type: 'tag' }
113 silly mapToRegistry uri https://registry.npmjs.org/bindings
114 verbose addNameRange registry:https://registry.npmjs.org/bindings not in flight; fetching
115 verbose get https://registry.npmjs.org/bindings not expired, no request
116 silly addNameRange number 2 { name: 'bindings', range: '>=1.2.1 <2.0.0', hasData: true }
117 silly addNameRange versions [ 'bindings',
117 silly addNameRange   [ '0.0.1',
117 silly addNameRange     '0.1.0',
117 silly addNameRange     '0.1.1',
117 silly addNameRange     '0.2.0',
117 silly addNameRange     '0.2.1',
117 silly addNameRange     '0.2.2',
117 silly addNameRange     '0.2.3',
117 silly addNameRange     '0.2.4',
117 silly addNameRange     '0.3.0',
117 silly addNameRange     '0.4.0',
117 silly addNameRange     '1.0.0',
117 silly addNameRange     '1.1.0',
117 silly addNameRange     '1.1.1',
117 silly addNameRange     '1.2.0',
117 silly addNameRange     '1.2.1' ] ]
118 silly addNamed bindings@1.2.1
119 verbose addNamed "1.2.1" is a plain semver version for bindings
120 silly cache afterAdd bindings@1.2.1
121 verbose afterAdd C:\Users\Jakob\AppData\Roaming\npm-cache\bindings\1.2.1\package\package.json not in flight; writing
122 verbose correctMkdir C:\Users\Jakob\AppData\Roaming\npm-cache correctMkdir not in flight; initializing
123 verbose afterAdd C:\Users\Jakob\AppData\Roaming\npm-cache\bindings\1.2.1\package\package.json written
124 http 304 https://registry.npmjs.org/nan
125 verbose headers { date: 'Sun, 27 Nov 2016 14:43:39 GMT',
125 verbose headers   via: '1.1 varnish',
125 verbose headers   'cache-control': 'max-age=300',
125 verbose headers   etag: 'W/"5818d749-1ce1e"',
125 verbose headers   age: '95',
125 verbose headers   connection: 'keep-alive',
125 verbose headers   'x-served-by': 'cache-fra1251-FRA',
125 verbose headers   'x-cache': 'HIT',
125 verbose headers   'x-cache-hits': '1',
125 verbose headers   'x-timer': 'S1480257819.505638,VS0,VE0',
125 verbose headers   vary: 'Accept-Encoding' }
126 silly get cb [ 304,
126 silly get   { date: 'Sun, 27 Nov 2016 14:43:39 GMT',
126 silly get     via: '1.1 varnish',
126 silly get     'cache-control': 'max-age=300',
126 silly get     etag: 'W/"5818d749-1ce1e"',
126 silly get     age: '95',
126 silly get     connection: 'keep-alive',
126 silly get     'x-served-by': 'cache-fra1251-FRA',
126 silly get     'x-cache': 'HIT',
126 silly get     'x-cache-hits': '1',
126 silly get     'x-timer': 'S1480257819.505638,VS0,VE0',
126 silly get     vary: 'Accept-Encoding' } ]
127 verbose etag https://registry.npmjs.org/nan from cache
128 verbose get saving nan to C:\Users\Jakob\AppData\Roaming\npm-cache\registry.npmjs.org\nan\.cache.json
129 verbose correctMkdir C:\Users\Jakob\AppData\Roaming\npm-cache correctMkdir not in flight; initializing
130 silly resolveWithNewModule nan@2.4.0 checking installable status
131 silly cache add args [ 'nan@^2.4.0', null ]
132 verbose cache add spec nan@^2.4.0
133 silly cache add parsed spec Result {
133 silly cache add   raw: 'nan@^2.4.0',
133 silly cache add   scope: null,
133 silly cache add   escapedName: 'nan',
133 silly cache add   name: 'nan',
133 silly cache add   rawSpec: '^2.4.0',
133 silly cache add   spec: '>=2.4.0 <3.0.0',
133 silly cache add   type: 'range' }
134 silly addNamed nan@>=2.4.0 <3.0.0
135 verbose addNamed ">=2.4.0 <3.0.0" is a valid semver range for nan
136 silly addNameRange { name: 'nan', range: '>=2.4.0 <3.0.0', hasData: false }
137 silly mapToRegistry name nan
138 silly mapToRegistry using default registry
139 silly mapToRegistry registry https://registry.npmjs.org/
140 silly mapToRegistry data Result {
140 silly mapToRegistry   raw: 'nan',
140 silly mapToRegistry   scope: null,
140 silly mapToRegistry   escapedName: 'nan',
140 silly mapToRegistry   name: 'nan',
140 silly mapToRegistry   rawSpec: '',
140 silly mapToRegistry   spec: 'latest',
140 silly mapToRegistry   type: 'tag' }
141 silly mapToRegistry uri https://registry.npmjs.org/nan
142 verbose addNameRange registry:https://registry.npmjs.org/nan not in flight; fetching
143 verbose get https://registry.npmjs.org/nan not expired, no request
144 silly addNameRange number 2 { name: 'nan', range: '>=2.4.0 <3.0.0', hasData: true }
145 silly addNameRange versions [ 'nan',
145 silly addNameRange   [ '0.3.0-wip',
145 silly addNameRange     '0.3.0-wip2',
145 silly addNameRange     '0.3.0',
145 silly addNameRange     '0.3.1',
145 silly addNameRange     '0.3.2',
145 silly addNameRange     '0.4.0',
145 silly addNameRange     '0.4.1',
145 silly addNameRange     '0.4.2',
145 silly addNameRange     '0.4.3',
145 silly addNameRange     '0.4.4',
145 silly addNameRange     '0.5.0',
145 silly addNameRange     '0.5.1',
145 silly addNameRange     '0.5.2',
145 silly addNameRange     '0.6.0',
145 silly addNameRange     '0.7.0',
145 silly addNameRange     '0.7.1',
145 silly addNameRange     '0.8.0',
145 silly addNameRange     '1.0.0',
145 silly addNameRange     '1.1.0',
145 silly addNameRange     '1.1.1',
145 silly addNameRange     '1.1.2',
145 silly addNameRange     '1.2.0',
145 silly addNameRange     '1.3.0',
145 silly addNameRange     '1.4.0',
145 silly addNameRange     '1.4.1',
145 silly addNameRange     '1.5.0',
145 silly addNameRange     '1.4.2',
145 silly addNameRange     '1.4.3',
145 silly addNameRange     '1.5.1',
145 silly addNameRange     '1.5.2',
145 silly addNameRange     '1.6.0',
145 silly addNameRange     '1.5.3',
145 silly addNameRange     '1.6.1',
145 silly addNameRange     '1.6.2',
145 silly addNameRange     '1.7.0',
145 silly addNameRange     '1.8.0',
145 silly addNameRange     '1.8.1',
145 silly addNameRange     '1.8.2',
145 silly addNameRange     '1.8.3',
145 silly addNameRange     '1.8.4',
145 silly addNameRange     '1.9.0',
145 silly addNameRange     '2.0.0',
145 silly addNameRange     '2.0.1',
145 silly addNameRange     '2.0.2',
145 silly addNameRange     '2.0.3',
145 silly addNameRange     '2.0.4',
145 silly addNameRange     '2.0.5',
145 silly addNameRange     '2.0.6',
145 silly addNameRange     '2.0.7',
145 silly addNameRange     '2.0.8',
145 silly addNameRange     '2.0.9',
145 silly addNameRange     '2.1.0',
145 silly addNameRange     '2.2.0',
145 silly addNameRange     '2.2.1',
145 silly addNameRange     '2.3.0',
145 silly addNameRange     '2.3.1',
145 silly addNameRange     '2.3.2',
145 silly addNameRange     '2.3.3',
145 silly addNameRange     '2.3.4',
145 silly addNameRange     '2.3.5',
145 silly addNameRange     '2.4.0' ] ]
146 silly addNamed nan@2.4.0
147 verbose addNamed "2.4.0" is a plain semver version for nan
148 silly mapToRegistry name nan
149 silly mapToRegistry using default registry
150 silly mapToRegistry registry https://registry.npmjs.org/
151 silly mapToRegistry data Result {
151 silly mapToRegistry   raw: 'nan',
151 silly mapToRegistry   scope: null,
151 silly mapToRegistry   escapedName: 'nan',
151 silly mapToRegistry   name: 'nan',
151 silly mapToRegistry   rawSpec: '',
151 silly mapToRegistry   spec: 'latest',
151 silly mapToRegistry   type: 'tag' }
152 silly mapToRegistry uri https://registry.npmjs.org/nan
153 verbose addRemoteTarball https://registry.npmjs.org/nan/-/nan-2.4.0.tgz not in flight; adding
154 verbose addRemoteTarball [ 'https://registry.npmjs.org/nan/-/nan-2.4.0.tgz',
154 verbose addRemoteTarball   'fb3c59d45fe4effe215f0b890f8adf6eb32d2232' ]
155 info retry fetch attempt 1 at 15:43:39
156 info attempt registry request try #1 at 15:43:39
157 http fetch GET https://registry.npmjs.org/nan/-/nan-2.4.0.tgz
158 http fetch 200 https://registry.npmjs.org/nan/-/nan-2.4.0.tgz
159 silly fetchAndShaCheck shasum fb3c59d45fe4effe215f0b890f8adf6eb32d2232
160 verbose addTmpTarball C:\Users\Jakob\AppData\Local\Temp\npm-4888-09b929d1\registry.npmjs.org\nan\-\nan-2.4.0.tgz not in flight; adding
161 verbose addTmpTarball already have metadata; skipping unpack for nan@2.4.0
162 verbose correctMkdir C:\Users\Jakob\AppData\Roaming\npm-cache correctMkdir not in flight; initializing
163 silly cache afterAdd nan@2.4.0
164 verbose afterAdd C:\Users\Jakob\AppData\Roaming\npm-cache\nan\2.4.0\package\package.json not in flight; writing
165 verbose correctMkdir C:\Users\Jakob\AppData\Roaming\npm-cache correctMkdir not in flight; initializing
166 verbose afterAdd C:\Users\Jakob\AppData\Roaming\npm-cache\nan\2.4.0\package\package.json written
167 silly loadAllDepsIntoIdealTree Finishing
168 silly loadIdealTree Finishing
169 silly currentTree campaign_id
169 silly currentTree +-- accepts@1.3.3
169 silly currentTree +-- acorn-globals@3.0.0
169 silly currentTree +-- acorn@3.3.0
169 silly currentTree +-- align-text@0.1.4
169 silly currentTree +-- amdefine@1.0.1
169 silly currentTree +-- ansi-regex@2.0.0
169 silly currentTree +-- ansi-styles@2.2.1
169 silly currentTree +-- array-flatten@1.1.1
169 silly currentTree +-- asap@2.0.5
169 silly currentTree +-- asn1@0.2.3
169 silly currentTree +-- assert-plus@0.2.0
169 silly currentTree +-- async@0.2.10
169 silly currentTree +-- asynckit@0.4.0
169 silly currentTree +-- aws-sign2@0.6.0
169 silly currentTree +-- aws4@1.5.0
169 silly currentTree +-- bcrypt-pbkdf@1.0.0
169 silly currentTree +-- bignumber.js@2.4.0
169 silly currentTree +-- body-parser@1.15.2
169 silly currentTree +-- boom@2.10.1
169 silly currentTree +-- bson@0.5.7
169 silly currentTree +-- buffer-shims@1.0.0
169 silly currentTree +-- bytes@2.4.0
169 silly currentTree +-- camelcase@1.2.1
169 silly currentTree +-- caseless@0.11.0
169 silly currentTree +-- center-align@0.1.3
169 silly currentTree +-- chalk@1.1.3
169 silly currentTree +-- character-parser@2.2.0
169 silly currentTree +-- clean-css@3.4.21
169 silly currentTree +-- cliui@2.1.0
169 silly currentTree +-- combined-stream@1.0.5
169 silly currentTree +-- commander@2.8.1
169 silly currentTree +-- constantinople@3.1.0
169 silly currentTree +-- content-disposition@0.5.1
169 silly currentTree +-- content-type@1.0.2
169 silly currentTree +-- cookie-signature@1.0.6
169 silly currentTree +-- cookie@0.3.1
169 silly currentTree +-- core-util-is@1.0.2
169 silly currentTree +-- cryptiles@2.0.5
169 silly currentTree +-- dashdash@1.14.1
169 silly currentTree | `-- assert-plus@1.0.0
169 silly currentTree +-- debug@2.2.0
169 silly currentTree +-- decamelize@1.2.0
169 silly currentTree +-- delayed-stream@1.0.0
169 silly currentTree +-- depd@1.1.0
169 silly currentTree +-- destroy@1.0.4
169 silly currentTree +-- doctypes@1.1.0
169 silly currentTree +-- ecc-jsbn@0.1.1
169 silly currentTree +-- ee-first@1.1.1
169 silly currentTree +-- encodeurl@1.0.1
169 silly currentTree +-- es6-promise@3.2.1
169 silly currentTree +-- escape-html@1.0.3
169 silly currentTree +-- escape-string-regexp@1.0.5
169 silly currentTree +-- etag@1.7.0
169 silly currentTree +-- express@4.14.0
169 silly currentTree +-- extend@3.0.0
169 silly currentTree +-- extsprintf@1.0.2
169 silly currentTree +-- finalhandler@0.5.0
169 silly currentTree +-- forever-agent@0.6.1
169 silly currentTree +-- form-data@2.1.2
169 silly currentTree +-- forwarded@0.1.0
169 silly currentTree +-- fresh@0.3.0
169 silly currentTree +-- generate-function@2.0.0
169 silly currentTree +-- generate-object-property@1.2.0
169 silly currentTree +-- getpass@0.1.6
169 silly currentTree | `-- assert-plus@1.0.0
169 silly currentTree +-- graceful-readlink@1.0.1
169 silly currentTree +-- har-validator@2.0.6
169 silly currentTree | `-- commander@2.9.0
169 silly currentTree +-- has-ansi@2.0.0
169 silly currentTree +-- hawk@3.1.3
169 silly currentTree +-- hoek@2.16.3
169 silly currentTree +-- http-errors@1.5.1
169 silly currentTree +-- http-signature@1.1.1
169 silly currentTree +-- iconv-lite@0.4.13
169 silly currentTree +-- inherits@2.0.3
169 silly currentTree +-- ipaddr.js@1.1.1
169 silly currentTree +-- is-buffer@1.1.4
169 silly currentTree +-- is-expression@2.1.0
169 silly currentTree +-- is-my-json-valid@2.15.0
169 silly currentTree +-- is-promise@2.1.0
169 silly currentTree +-- is-property@1.0.2
169 silly currentTree +-- is-regex@1.0.3
169 silly currentTree +-- is-typedarray@1.0.0
169 silly currentTree +-- isarray@1.0.0
169 silly currentTree +-- isstream@0.1.2
169 silly currentTree +-- jodid25519@1.0.2
169 silly currentTree +-- js-stringify@1.0.2
169 silly currentTree +-- jsbn@0.1.0
169 silly currentTree +-- json-schema@0.2.3
169 silly currentTree +-- json-stringify-safe@5.0.1
169 silly currentTree +-- jsonpointer@4.0.0
169 silly currentTree +-- jsprim@1.3.1
169 silly currentTree +-- jstransformer@1.0.0
169 silly currentTree +-- kind-of@3.0.4
169 silly currentTree +-- lazy-cache@1.0.4
169 silly currentTree +-- longest@1.0.1
169 silly currentTree +-- media-typer@0.3.0
169 silly currentTree +-- merge-descriptors@1.0.1
169 silly currentTree +-- methods@1.1.2
169 silly currentTree +-- mime-db@1.25.0
169 silly currentTree +-- mime-types@2.1.13
169 silly currentTree +-- mime@1.3.4
169 silly currentTree +-- mongodb-core@2.0.13
169 silly currentTree +-- mongodb@2.2.11
169 silly currentTree +-- ms@0.7.1
169 silly currentTree +-- mysql@2.12.0
169 silly currentTree | +-- isarray@0.0.1
169 silly currentTree | `-- readable-stream@1.1.14
169 silly currentTree +-- negotiator@0.6.1
169 silly currentTree +-- oauth-sign@0.8.2
169 silly currentTree +-- object-assign@4.1.0
169 silly currentTree +-- on-finished@2.3.0
169 silly currentTree +-- parseurl@1.3.1
169 silly currentTree +-- path-to-regexp@0.1.7
169 silly currentTree +-- pinkie-promise@2.0.1
169 silly currentTree +-- pinkie@2.0.4
169 silly currentTree +-- process-nextick-args@1.0.7
169 silly currentTree +-- promise@7.1.1
169 silly currentTree +-- proxy-addr@1.1.2
169 silly currentTree +-- pug-attrs@2.0.1
169 silly currentTree +-- pug-code-gen@1.1.0
169 silly currentTree +-- pug-error@1.3.1
169 silly currentTree +-- pug-filters@1.2.4
169 silly currentTree +-- pug-lexer@2.3.0
169 silly currentTree | +-- acorn@4.0.3
169 silly currentTree | `-- is-expression@3.0.0
169 silly currentTree +-- pug-linker@1.0.1
169 silly currentTree +-- pug-load@2.0.3
169 silly currentTree +-- pug-parser@2.0.1
169 silly currentTree +-- pug-runtime@2.0.2
169 silly currentTree +-- pug-strip-comments@1.0.1
169 silly currentTree +-- pug-walk@1.0.0
169 silly currentTree +-- pug@2.0.0-beta6
169 silly currentTree +-- punycode@1.4.1
169 silly currentTree +-- qs@6.2.0
169 silly currentTree +-- range-parser@1.2.0
169 silly currentTree +-- raw-body@2.1.7
169 silly currentTree +-- readable-stream@2.1.5
169 silly currentTree +-- repeat-string@1.6.1
169 silly currentTree +-- request@2.79.0
169 silly currentTree | `-- qs@6.3.0
169 silly currentTree +-- require_optional@1.0.0
169 silly currentTree +-- resolve-from@2.0.0
169 silly currentTree +-- resolve@1.1.7
169 silly currentTree +-- right-align@0.1.3
169 silly currentTree +-- semver@5.3.0
169 silly currentTree +-- send@0.14.1
169 silly currentTree +-- serve-static@1.11.1
169 silly currentTree +-- setprototypeof@1.0.2
169 silly currentTree +-- sntp@1.0.9
169 silly currentTree +-- source-map@0.4.4
169 silly currentTree +-- sqlstring@2.2.0
169 silly currentTree +-- sshpk@1.10.1
169 silly currentTree | `-- assert-plus@1.0.0
169 silly currentTree +-- statuses@1.3.1
169 silly currentTree +-- string_decoder@0.10.31
169 silly currentTree +-- stringstream@0.0.5
169 silly currentTree +-- strip-ansi@3.0.1
169 silly currentTree +-- supports-color@2.0.0
169 silly currentTree +-- token-stream@0.0.1
169 silly currentTree +-- tough-cookie@2.3.2
169 silly currentTree +-- tunnel-agent@0.4.3
169 silly currentTree +-- tweetnacl@0.14.3
169 silly currentTree +-- type-is@1.6.14
169 silly currentTree +-- uglify-js@2.7.4
169 silly currentTree | `-- source-map@0.5.6
169 silly currentTree +-- uglify-to-browserify@1.0.2
169 silly currentTree +-- unpipe@1.0.0
169 silly currentTree +-- util-deprecate@1.0.2
169 silly currentTree +-- utils-merge@1.0.0
169 silly currentTree +-- uuid@3.0.0
169 silly currentTree +-- vary@1.1.0
169 silly currentTree +-- verror@1.3.6
169 silly currentTree +-- void-elements@2.0.1
169 silly currentTree +-- window-size@0.1.0
169 silly currentTree +-- with@5.1.1
169 silly currentTree +-- wordwrap@0.0.2
169 silly currentTree +-- xtend@4.0.1
169 silly currentTree `-- yargs@3.10.0
170 silly idealTree campaign_id
170 silly idealTree +-- accepts@1.3.3
170 silly idealTree +-- acorn-globals@3.0.0
170 silly idealTree +-- acorn@3.3.0
170 silly idealTree +-- align-text@0.1.4
170 silly idealTree +-- amdefine@1.0.1
170 silly idealTree +-- ansi-regex@2.0.0
170 silly idealTree +-- ansi-styles@2.2.1
170 silly idealTree +-- array-flatten@1.1.1
170 silly idealTree +-- asap@2.0.5
170 silly idealTree +-- asn1@0.2.3
170 silly idealTree +-- assert-plus@0.2.0
170 silly idealTree +-- async@0.2.10
170 silly idealTree +-- asynckit@0.4.0
170 silly idealTree +-- aws-sign2@0.6.0
170 silly idealTree +-- aws4@1.5.0
170 silly idealTree +-- bcrypt-pbkdf@1.0.0
170 silly idealTree +-- bignumber.js@2.4.0
170 silly idealTree +-- bindings@1.2.1
170 silly idealTree +-- body-parser@1.15.2
170 silly idealTree +-- boom@2.10.1
170 silly idealTree +-- bson@0.5.7
170 silly idealTree +-- buffer-shims@1.0.0
170 silly idealTree +-- bytes@2.4.0
170 silly idealTree +-- camelcase@1.2.1
170 silly idealTree +-- caseless@0.11.0
170 silly idealTree +-- center-align@0.1.3
170 silly idealTree +-- chalk@1.1.3
170 silly idealTree +-- character-parser@2.2.0
170 silly idealTree +-- clean-css@3.4.21
170 silly idealTree +-- cliui@2.1.0
170 silly idealTree +-- combined-stream@1.0.5
170 silly idealTree +-- commander@2.8.1
170 silly idealTree +-- constantinople@3.1.0
170 silly idealTree +-- content-disposition@0.5.1
170 silly idealTree +-- content-type@1.0.2
170 silly idealTree +-- cookie-signature@1.0.6
170 silly idealTree +-- cookie@0.3.1
170 silly idealTree +-- core-util-is@1.0.2
170 silly idealTree +-- cryptiles@2.0.5
170 silly idealTree +-- dashdash@1.14.1
170 silly idealTree | `-- assert-plus@1.0.0
170 silly idealTree +-- debug@2.2.0
170 silly idealTree +-- decamelize@1.2.0
170 silly idealTree +-- delayed-stream@1.0.0
170 silly idealTree +-- depd@1.1.0
170 silly idealTree +-- destroy@1.0.4
170 silly idealTree +-- doctypes@1.1.0
170 silly idealTree +-- ecc-jsbn@0.1.1
170 silly idealTree +-- ee-first@1.1.1
170 silly idealTree +-- encodeurl@1.0.1
170 silly idealTree +-- es6-promise@3.2.1
170 silly idealTree +-- escape-html@1.0.3
170 silly idealTree +-- escape-string-regexp@1.0.5
170 silly idealTree +-- etag@1.7.0
170 silly idealTree +-- express@4.14.0
170 silly idealTree +-- extend@3.0.0
170 silly idealTree +-- extsprintf@1.0.2
170 silly idealTree +-- finalhandler@0.5.0
170 silly idealTree +-- forever-agent@0.6.1
170 silly idealTree +-- form-data@2.1.2
170 silly idealTree +-- forwarded@0.1.0
170 silly idealTree +-- fresh@0.3.0
170 silly idealTree +-- generate-function@2.0.0
170 silly idealTree +-- generate-object-property@1.2.0
170 silly idealTree +-- getpass@0.1.6
170 silly idealTree | `-- assert-plus@1.0.0
170 silly idealTree +-- graceful-readlink@1.0.1
170 silly idealTree +-- har-validator@2.0.6
170 silly idealTree | `-- commander@2.9.0
170 silly idealTree +-- has-ansi@2.0.0
170 silly idealTree +-- hawk@3.1.3
170 silly idealTree +-- hoek@2.16.3
170 silly idealTree +-- http-errors@1.5.1
170 silly idealTree +-- http-signature@1.1.1
170 silly idealTree +-- iconv-lite@0.4.13
170 silly idealTree +-- inherits@2.0.3
170 silly idealTree +-- ipaddr.js@1.1.1
170 silly idealTree +-- is-buffer@1.1.4
170 silly idealTree +-- is-expression@2.1.0
170 silly idealTree +-- is-my-json-valid@2.15.0
170 silly idealTree +-- is-promise@2.1.0
170 silly idealTree +-- is-property@1.0.2
170 silly idealTree +-- is-regex@1.0.3
170 silly idealTree +-- is-typedarray@1.0.0
170 silly idealTree +-- isarray@1.0.0
170 silly idealTree +-- isstream@0.1.2
170 silly idealTree +-- jodid25519@1.0.2
170 silly idealTree +-- js-stringify@1.0.2
170 silly idealTree +-- jsbn@0.1.0
170 silly idealTree +-- json-schema@0.2.3
170 silly idealTree +-- json-stringify-safe@5.0.1
170 silly idealTree +-- jsonpointer@4.0.0
170 silly idealTree +-- jsprim@1.3.1
170 silly idealTree +-- jstransformer@1.0.0
170 silly idealTree +-- kind-of@3.0.4
170 silly idealTree +-- lazy-cache@1.0.4
170 silly idealTree +-- longest@1.0.1
170 silly idealTree +-- media-typer@0.3.0
170 silly idealTree +-- merge-descriptors@1.0.1
170 silly idealTree +-- methods@1.1.2
170 silly idealTree +-- mime-db@1.25.0
170 silly idealTree +-- mime-types@2.1.13
170 silly idealTree +-- mime@1.3.4
170 silly idealTree +-- mongodb-core@2.0.13
170 silly idealTree +-- mongodb@2.2.11
170 silly idealTree +-- ms@0.7.1
170 silly idealTree +-- mysql@2.12.0
170 silly idealTree | +-- isarray@0.0.1
170 silly idealTree | `-- readable-stream@1.1.14
170 silly idealTree +-- nan@2.4.0
170 silly idealTree +-- negotiator@0.6.1
170 silly idealTree +-- oauth-sign@0.8.2
170 silly idealTree +-- object-assign@4.1.0
170 silly idealTree +-- on-finished@2.3.0
170 silly idealTree +-- parseurl@1.3.1
170 silly idealTree +-- path-to-regexp@0.1.7
170 silly idealTree +-- pinkie-promise@2.0.1
170 silly idealTree +-- pinkie@2.0.4
170 silly idealTree +-- process-nextick-args@1.0.7
170 silly idealTree +-- promise@7.1.1
170 silly idealTree +-- proxy-addr@1.1.2
170 silly idealTree +-- pug-attrs@2.0.1
170 silly idealTree +-- pug-code-gen@1.1.0
170 silly idealTree +-- pug-error@1.3.1
170 silly idealTree +-- pug-filters@1.2.4
170 silly idealTree +-- pug-lexer@2.3.0
170 silly idealTree | +-- acorn@4.0.3
170 silly idealTree | `-- is-expression@3.0.0
170 silly idealTree +-- pug-linker@1.0.1
170 silly idealTree +-- pug-load@2.0.3
170 silly idealTree +-- pug-parser@2.0.1
170 silly idealTree +-- pug-runtime@2.0.2
170 silly idealTree +-- pug-strip-comments@1.0.1
170 silly idealTree +-- pug-walk@1.0.0
170 silly idealTree +-- pug@2.0.0-beta6
170 silly idealTree +-- punycode@1.4.1
170 silly idealTree +-- qs@6.2.0
170 silly idealTree +-- range-parser@1.2.0
170 silly idealTree +-- raw-body@2.1.7
170 silly idealTree +-- readable-stream@2.1.5
170 silly idealTree +-- repeat-string@1.6.1
170 silly idealTree +-- request@2.79.0
170 silly idealTree | `-- qs@6.3.0
170 silly idealTree +-- require_optional@1.0.0
170 silly idealTree +-- resolve-from@2.0.0
170 silly idealTree +-- resolve@1.1.7
170 silly idealTree +-- right-align@0.1.3
170 silly idealTree +-- semver@5.3.0
170 silly idealTree +-- send@0.14.1
170 silly idealTree +-- serve-static@1.11.1
170 silly idealTree +-- setprototypeof@1.0.2
170 silly idealTree +-- sntp@1.0.9
170 silly idealTree +-- source-map@0.4.4
170 silly idealTree +-- sqlstring@2.2.0
170 silly idealTree +-- sshpk@1.10.1
170 silly idealTree | `-- assert-plus@1.0.0
170 silly idealTree +-- statuses@1.3.1
170 silly idealTree +-- string_decoder@0.10.31
170 silly idealTree +-- stringstream@0.0.5
170 silly idealTree +-- strip-ansi@3.0.1
170 silly idealTree +-- supports-color@2.0.0
170 silly idealTree +-- token-stream@0.0.1
170 silly idealTree +-- tough-cookie@2.3.2
170 silly idealTree +-- tunnel-agent@0.4.3
170 silly idealTree +-- tweetnacl@0.14.3
170 silly idealTree +-- type-is@1.6.14
170 silly idealTree +-- uglify-js@2.7.4
170 silly idealTree | `-- source-map@0.5.6
170 silly idealTree +-- uglify-to-browserify@1.0.2
170 silly idealTree +-- unpipe@1.0.0
170 silly idealTree +-- util-deprecate@1.0.2
170 silly idealTree +-- utils-merge@1.0.0
170 silly idealTree +-- uuid@3.0.0
170 silly idealTree +-- vary@1.1.0
170 silly idealTree +-- verror@1.3.6
170 silly idealTree +-- void-elements@2.0.1
170 silly idealTree +-- webworker-threads@0.7.9
170 silly idealTree +-- window-size@0.1.0
170 silly idealTree +-- with@5.1.1
170 silly idealTree +-- wordwrap@0.0.2
170 silly idealTree +-- xtend@4.0.1
170 silly idealTree `-- yargs@3.10.0
171 silly generateActionsToTake Starting
172 silly install generateActionsToTake
173 silly generateActionsToTake Finishing
174 silly diffTrees action count 3
175 silly diffTrees add bindings@1.2.1
176 silly diffTrees add nan@2.4.0
177 silly diffTrees add webworker-threads@0.7.9
178 silly decomposeActions action count 24
179 silly decomposeActions fetch bindings@1.2.1
180 silly decomposeActions extract bindings@1.2.1
181 silly decomposeActions test bindings@1.2.1
182 silly decomposeActions preinstall bindings@1.2.1
183 silly decomposeActions build bindings@1.2.1
184 silly decomposeActions install bindings@1.2.1
185 silly decomposeActions postinstall bindings@1.2.1
186 silly decomposeActions finalize bindings@1.2.1
187 silly decomposeActions fetch nan@2.4.0
188 silly decomposeActions extract nan@2.4.0
189 silly decomposeActions test nan@2.4.0
190 silly decomposeActions preinstall nan@2.4.0
191 silly decomposeActions build nan@2.4.0
192 silly decomposeActions install nan@2.4.0
193 silly decomposeActions postinstall nan@2.4.0
194 silly decomposeActions finalize nan@2.4.0
195 silly decomposeActions fetch webworker-threads@0.7.9
196 silly decomposeActions extract webworker-threads@0.7.9
197 silly decomposeActions test webworker-threads@0.7.9
198 silly decomposeActions preinstall webworker-threads@0.7.9
199 silly decomposeActions build webworker-threads@0.7.9
200 silly decomposeActions install webworker-threads@0.7.9
201 silly decomposeActions postinstall webworker-threads@0.7.9
202 silly decomposeActions finalize webworker-threads@0.7.9
203 silly runTopLevelLifecycles Starting
204 silly executeActions Starting
205 silly install executeActions
206 silly doSerial global-install 0
207 silly doParallel fetch 3
208 verbose correctMkdir C:\Users\Jakob\AppData\Roaming\npm-cache\_locks correctMkdir not in flight; initializing
209 verbose lock using C:\Users\Jakob\AppData\Roaming\npm-cache\_locks\staging-45b35c22d492c3e8.lock for C:\Users\Jakob\Desktop\Projekt\campaign_id\node_modules\.staging
210 silly doParallel extract 3
211 silly extract bindings@1.2.1
212 silly extract nan@2.4.0
213 silly extract webworker-threads@0.7.9
214 verbose unbuild node_modules\.staging\bindings-f366c10a
215 silly gentlyRm C:\Users\Jakob\Desktop\Projekt\campaign_id\node_modules\.staging\bindings-f366c10a is being purged from base C:\Users\Jakob\Desktop\Projekt\campaign_id
216 verbose gentlyRm don't care about contents; nuking C:\Users\Jakob\Desktop\Projekt\campaign_id\node_modules\.staging\bindings-f366c10a
217 verbose tar unpack C:\Users\Jakob\AppData\Roaming\npm-cache\bindings\1.2.1\package.tgz
218 verbose tar unpacking to C:\Users\Jakob\Desktop\Projekt\campaign_id\node_modules\.staging\bindings-f366c10a
219 silly gentlyRm C:\Users\Jakob\Desktop\Projekt\campaign_id\node_modules\.staging\bindings-f366c10a is being purged
220 verbose gentlyRm don't care about contents; nuking C:\Users\Jakob\Desktop\Projekt\campaign_id\node_modules\.staging\bindings-f366c10a
221 silly gunzTarPerm modes [ '777', '666' ]
222 verbose unbuild node_modules\.staging\nan-9a59fd60
223 silly gunzTarPerm extractEntry package.json
224 silly gunzTarPerm modified mode [ 'package.json', 420, 438 ]
225 silly gentlyRm C:\Users\Jakob\Desktop\Projekt\campaign_id\node_modules\.staging\nan-9a59fd60 is being purged from base C:\Users\Jakob\Desktop\Projekt\campaign_id
226 verbose gentlyRm don't care about contents; nuking C:\Users\Jakob\Desktop\Projekt\campaign_id\node_modules\.staging\nan-9a59fd60
227 verbose tar unpack C:\Users\Jakob\AppData\Roaming\npm-cache\nan\2.4.0\package.tgz
228 verbose tar unpacking to C:\Users\Jakob\Desktop\Projekt\campaign_id\node_modules\.staging\nan-9a59fd60
229 silly gentlyRm C:\Users\Jakob\Desktop\Projekt\campaign_id\node_modules\.staging\nan-9a59fd60 is being purged
230 verbose gentlyRm don't care about contents; nuking C:\Users\Jakob\Desktop\Projekt\campaign_id\node_modules\.staging\nan-9a59fd60
231 silly gunzTarPerm modes [ '777', '666' ]
232 silly gunzTarPerm extractEntry README.md
233 silly gunzTarPerm modified mode [ 'README.md', 420, 438 ]
234 silly gunzTarPerm extractEntry bindings.js
235 silly gunzTarPerm modified mode [ 'bindings.js', 420, 438 ]
236 silly gunzTarPerm extractEntry package.json
237 silly gunzTarPerm modified mode [ 'package.json', 436, 438 ]
238 silly gunzTarPerm extractEntry README.md
239 silly gunzTarPerm modified mode [ 'README.md', 436, 438 ]
240 silly gunzTarPerm extractEntry include_dirs.js
241 silly gunzTarPerm modified mode [ 'include_dirs.js', 436, 438 ]
242 verbose unbuild node_modules\.staging\webworker-threads-bd6e6812
243 silly gentlyRm C:\Users\Jakob\Desktop\Projekt\campaign_id\node_modules\.staging\webworker-threads-bd6e6812 is being purged from base C:\Users\Jakob\Desktop\Projekt\campaign_id
244 verbose gentlyRm don't care about contents; nuking C:\Users\Jakob\Desktop\Projekt\campaign_id\node_modules\.staging\webworker-threads-bd6e6812
245 verbose tar unpack C:\Users\Jakob\AppData\Roaming\npm-cache\webworker-threads\0.7.9\package.tgz
246 verbose tar unpacking to C:\Users\Jakob\Desktop\Projekt\campaign_id\node_modules\.staging\webworker-threads-bd6e6812
247 silly gentlyRm C:\Users\Jakob\Desktop\Projekt\campaign_id\node_modules\.staging\webworker-threads-bd6e6812 is being purged
248 verbose gentlyRm don't care about contents; nuking C:\Users\Jakob\Desktop\Projekt\campaign_id\node_modules\.staging\webworker-threads-bd6e6812
249 silly gunzTarPerm modes [ '777', '666' ]
250 silly gunzTarPerm extractEntry package.json
251 silly gunzTarPerm modified mode [ 'package.json', 436, 438 ]
252 silly gunzTarPerm extractEntry .npmignore
253 silly gunzTarPerm modified mode [ '.npmignore', 420, 438 ]
254 silly gunzTarPerm extractEntry README.md
255 silly gunzTarPerm modified mode [ 'README.md', 436, 438 ]
256 silly gunzTarPerm extractEntry LICENSE
257 silly gunzTarPerm modified mode [ 'LICENSE', 420, 438 ]
258 silly gunzTarPerm extractEntry nan_callbacks_pre_12_inl.h
259 silly gunzTarPerm modified mode [ 'nan_callbacks_pre_12_inl.h', 436, 438 ]
260 silly gunzTarPerm extractEntry CHANGELOG.md
261 silly gunzTarPerm modified mode [ 'CHANGELOG.md', 436, 438 ]
262 silly gunzTarPerm extractEntry LICENSE.md
263 silly gunzTarPerm modified mode [ 'LICENSE.md', 436, 438 ]
264 silly gunzTarPerm extractEntry doc/node_misc.md
265 silly gunzTarPerm modified mode [ 'doc/node_misc.md', 436, 438 ]
266 silly gunzTarPerm extractEntry worker.js
267 silly gunzTarPerm modified mode [ 'worker.js', 436, 438 ]
268 silly gunzTarPerm extractEntry index.js
269 silly gunzTarPerm modified mode [ 'index.js', 420, 438 ]
270 silly gunzTarPerm extractEntry test-package.js
271 silly gunzTarPerm modified mode [ 'test-package.js', 436, 438 ]
272 silly gunzTarPerm extractEntry test.js
273 silly gunzTarPerm modified mode [ 'test.js', 420, 438 ]
274 silly gunzTarPerm extractEntry doc/asyncworker.md
275 silly gunzTarPerm modified mode [ 'doc/asyncworker.md', 436, 438 ]
276 silly gunzTarPerm extractEntry doc/callback.md
277 silly gunzTarPerm modified mode [ 'doc/callback.md', 436, 438 ]
278 silly gunzTarPerm extractEntry TODO.md
279 silly gunzTarPerm modified mode [ 'TODO.md', 420, 438 ]
280 silly gunzTarPerm extractEntry benchmark/b00_fibonacci_server_no_threads.js
281 silly gunzTarPerm modified mode [ 'benchmark/b00_fibonacci_server_no_threads.js', 420, 438 ]
282 silly gunzTarPerm extractEntry benchmark/b01_fibonacci_server_threads.js
283 silly gunzTarPerm modified mode [ 'benchmark/b01_fibonacci_server_threads.js', 420, 438 ]
284 silly gunzTarPerm extractEntry benchmark/b02_fibonacci_server_threads_pool.js
285 silly gunzTarPerm modified mode [ 'benchmark/b02_fibonacci_server_threads_pool.js', 420, 438 ]
286 silly gunzTarPerm extractEntry doc/converters.md
287 silly gunzTarPerm modified mode [ 'doc/converters.md', 436, 438 ]
288 silly gunzTarPerm extractEntry doc/errors.md
289 silly gunzTarPerm modified mode [ 'doc/errors.md', 436, 438 ]
290 silly gunzTarPerm extractEntry doc/maybe_types.md
291 silly gunzTarPerm modified mode [ 'doc/maybe_types.md', 436, 438 ]
292 silly gunzTarPerm extractEntry doc/methods.md
293 silly gunzTarPerm modified mode [ 'doc/methods.md', 436, 438 ]
294 silly gunzTarPerm extractEntry doc/new.md
295 silly gunzTarPerm modified mode [ 'doc/new.md', 436, 438 ]
296 silly gunzTarPerm extractEntry doc/buffers.md
297 silly gunzTarPerm modified mode [ 'doc/buffers.md', 436, 438 ]
298 silly gunzTarPerm extractEntry doc/object_wrappers.md
299 silly gunzTarPerm modified mode [ 'doc/object_wrappers.md', 436, 438 ]
300 silly gunzTarPerm extractEntry doc/persistent.md
301 silly gunzTarPerm modified mode [ 'doc/persistent.md', 436, 438 ]
302 silly gunzTarPerm extractEntry doc/scopes.md
303 silly gunzTarPerm modified mode [ 'doc/scopes.md', 436, 438 ]
304 silly gunzTarPerm extractEntry doc/script.md
305 silly gunzTarPerm modified mode [ 'doc/script.md', 436, 438 ]
306 silly gunzTarPerm extractEntry doc/string_bytes.md
307 silly gunzTarPerm modified mode [ 'doc/string_bytes.md', 436, 438 ]
308 silly gunzTarPerm extractEntry doc/v8_internals.md
309 silly gunzTarPerm modified mode [ 'doc/v8_internals.md', 436, 438 ]
310 silly gunzTarPerm extractEntry doc/v8_misc.md
311 silly gunzTarPerm modified mode [ 'doc/v8_misc.md', 436, 438 ]
312 silly gunzTarPerm extractEntry nan.h
313 silly gunzTarPerm modified mode [ 'nan.h', 436, 438 ]
314 silly gunzTarPerm extractEntry nan_callbacks.h
315 silly gunzTarPerm modified mode [ 'nan_callbacks.h', 436, 438 ]
316 silly gunzTarPerm extractEntry nan_callbacks_12_inl.h
317 silly gunzTarPerm modified mode [ 'nan_callbacks_12_inl.h', 436, 438 ]
318 silly gunzTarPerm extractEntry nan_converters.h
319 silly gunzTarPerm modified mode [ 'nan_converters.h', 436, 438 ]
320 silly gunzTarPerm extractEntry nan_converters_43_inl.h
321 silly gunzTarPerm modified mode [ 'nan_converters_43_inl.h', 436, 438 ]
322 silly gunzTarPerm extractEntry nan_converters_pre_43_inl.h
323 silly gunzTarPerm modified mode [ 'nan_converters_pre_43_inl.h', 436, 438 ]
324 silly gunzTarPerm extractEntry nan_implementation_12_inl.h
325 silly gunzTarPerm modified mode [ 'nan_implementation_12_inl.h', 436, 438 ]
326 silly gunzTarPerm extractEntry nan_implementation_pre_12_inl.h
327 silly gunzTarPerm modified mode [ 'nan_implementation_pre_12_inl.h', 436, 438 ]
328 silly gunzTarPerm extractEntry nan_maybe_43_inl.h
329 silly gunzTarPerm modified mode [ 'nan_maybe_43_inl.h', 436, 438 ]
330 silly gunzTarPerm extractEntry nan_maybe_pre_43_inl.h
331 silly gunzTarPerm modified mode [ 'nan_maybe_pre_43_inl.h', 436, 438 ]
332 silly gunzTarPerm extractEntry nan_new.h
333 silly gunzTarPerm modified mode [ 'nan_new.h', 436, 438 ]
334 silly gunzTarPerm extractEntry benchmark/b03_fibonacci_server_clustered.js
335 silly gunzTarPerm modified mode [ 'benchmark/b03_fibonacci_server_clustered.js', 420, 438 ]
336 silly gunzTarPerm extractEntry benchmark/b04_only_quick.js
337 silly gunzTarPerm modified mode [ 'benchmark/b04_only_quick.js', 420, 438 ]
338 silly gunzTarPerm extractEntry nan_object_wrap.h
339 silly gunzTarPerm modified mode [ 'nan_object_wrap.h', 436, 438 ]
340 silly gunzTarPerm extractEntry nan_persistent_12_inl.h
341 silly gunzTarPerm modified mode [ 'nan_persistent_12_inl.h', 436, 438 ]
342 silly gunzTarPerm extractEntry nan_persistent_pre_12_inl.h
343 silly gunzTarPerm modified mode [ 'nan_persistent_pre_12_inl.h', 436, 438 ]
344 silly gunzTarPerm extractEntry nan_string_bytes.h
345 silly gunzTarPerm modified mode [ 'nan_string_bytes.h', 436, 438 ]
346 silly gunzTarPerm extractEntry nan_typedarray_contents.h
347 silly gunzTarPerm modified mode [ 'nan_typedarray_contents.h', 436, 438 ]
348 silly gunzTarPerm extractEntry nan_weak.h
349 silly gunzTarPerm modified mode [ 'nan_weak.h', 436, 438 ]
350 silly gunzTarPerm extractEntry tools/package.json
351 silly gunzTarPerm modified mode [ 'tools/package.json', 436, 438 ]
352 silly gunzTarPerm extractEntry tools/README.md
353 silly gunzTarPerm modified mode [ 'tools/README.md', 436, 438 ]
354 silly gunzTarPerm extractEntry tools/1to2.js
355 silly gunzTarPerm modified mode [ 'tools/1to2.js', 509, 511 ]
356 silly gunzTarPerm extractEntry benchmark/pi.js
357 silly gunzTarPerm modified mode [ 'benchmark/pi.js', 493, 511 ]
358 silly gunzTarPerm extractEntry benchmark/pi_precompiled.js
359 silly gunzTarPerm modified mode [ 'benchmark/pi_precompiled.js', 420, 438 ]
360 silly gunzTarPerm extractEntry benchmark/doubles.c
361 silly gunzTarPerm modified mode [ 'benchmark/doubles.c', 420, 438 ]
362 silly gunzTarPerm extractEntry benchmark/pi.c
363 silly gunzTarPerm modified mode [ 'benchmark/pi.c', 420, 438 ]
364 silly gentlyRm C:\Users\Jakob\Desktop\Projekt\campaign_id\node_modules\.staging\bindings-f366c10a\node_modules is being purged
365 verbose gentlyRm don't care about contents; nuking C:\Users\Jakob\Desktop\Projekt\campaign_id\node_modules\.staging\bindings-f366c10a\node_modules
366 silly gunzTarPerm extractEntry benchmark/pi.rb
367 silly gunzTarPerm modified mode [ 'benchmark/pi.rb', 493, 511 ]
368 silly gunzTarPerm extractEntry binding.gyp
369 silly gunzTarPerm modified mode [ 'binding.gyp', 436, 438 ]
370 silly gunzTarPerm extractEntry examples/demo.js
371 silly gunzTarPerm modified mode [ 'examples/demo.js', 420, 438 ]
372 silly gunzTarPerm extractEntry examples/ex03_ping_pong.js
373 silly gunzTarPerm modified mode [ 'examples/ex03_ping_pong.js', 420, 438 ]
374 silly gunzTarPerm extractEntry examples/quickIntro_multiThread.js
375 silly gunzTarPerm modified mode [ 'examples/quickIntro_multiThread.js', 420, 438 ]
376 silly gunzTarPerm extractEntry examples/ex04_main.js
377 silly gunzTarPerm modified mode [ 'examples/ex04_main.js', 420, 438 ]
378 silly gunzTarPerm extractEntry examples/quickIntro_multiThreadEvented.js
379 silly gunzTarPerm modified mode [ 'examples/quickIntro_multiThreadEvented.js', 420, 438 ]
380 silly gunzTarPerm extractEntry examples/ex04_worker.js
381 silly gunzTarPerm modified mode [ 'examples/ex04_worker.js', 420, 438 ]
382 silly gentlyRm C:\Users\Jakob\Desktop\Projekt\campaign_id\node_modules\.staging\nan-9a59fd60\node_modules is being purged
383 verbose gentlyRm don't care about contents; nuking C:\Users\Jakob\Desktop\Projekt\campaign_id\node_modules\.staging\nan-9a59fd60\node_modules
384 silly gunzTarPerm extractEntry examples/quickIntro_fiveThreads.js
385 silly gunzTarPerm modified mode [ 'examples/quickIntro_fiveThreads.js', 420, 438 ]
386 silly gunzTarPerm extractEntry examples/ex05_pool.js
387 silly gunzTarPerm modified mode [ 'examples/ex05_pool.js', 420, 438 ]
388 silly gunzTarPerm extractEntry examples/quickIntro_evented_childThreadCode.js
389 silly gunzTarPerm modified mode [ 'examples/quickIntro_evented_childThreadCode.js', 420, 438 ]
390 silly gunzTarPerm extractEntry examples/ex01_basic.js
391 silly gunzTarPerm modified mode [ 'examples/ex01_basic.js', 420, 438 ]
392 silly gunzTarPerm extractEntry examples/ex02_events.js
393 silly gunzTarPerm modified mode [ 'examples/ex02_events.js', 420, 438 ]
394 silly gunzTarPerm extractEntry examples/ex06_jason.js
395 silly gunzTarPerm modified mode [ 'examples/ex06_jason.js', 420, 438 ]
396 silly gunzTarPerm extractEntry examples/quickIntro_oneThread.js
397 silly gunzTarPerm modified mode [ 'examples/quickIntro_oneThread.js', 420, 438 ]
398 silly gunzTarPerm extractEntry examples/quickIntro_blocking.js
399 silly gunzTarPerm modified mode [ 'examples/quickIntro_blocking.js', 420, 438 ]
400 silly gunzTarPerm extractEntry examples/quickIntro_loop.js
401 silly gunzTarPerm modified mode [ 'examples/quickIntro_loop.js', 420, 438 ]
402 silly gunzTarPerm extractEntry examples/quickIntro_oneThreadEvented.js
403 silly gunzTarPerm modified mode [ 'examples/quickIntro_oneThreadEvented.js', 420, 438 ]
404 silly gunzTarPerm extractEntry examples/ex06_complex.js
405 silly gunzTarPerm modified mode [ 'examples/ex06_complex.js', 420, 438 ]
406 silly gunzTarPerm extractEntry examples/fiveThreads.ls
407 silly gunzTarPerm modified mode [ 'examples/fiveThreads.ls', 493, 511 ]
408 silly gunzTarPerm extractEntry examples/multiThreadEvented.ls
409 silly gunzTarPerm modified mode [ 'examples/multiThreadEvented.ls', 493, 511 ]
410 silly gunzTarPerm extractEntry examples/ex06_jason.md
411 silly gunzTarPerm modified mode [ 'examples/ex06_jason.md', 420, 438 ]
412 silly gunzTarPerm extractEntry examples/ex05_pool.md
413 silly gunzTarPerm modified mode [ 'examples/ex05_pool.md', 420, 438 ]
414 silly gunzTarPerm extractEntry examples/ex04_worker.md
415 silly gunzTarPerm modified mode [ 'examples/ex04_worker.md', 420, 438 ]
416 silly gunzTarPerm extractEntry examples/ex04_main.md
417 silly gunzTarPerm modified mode [ 'examples/ex04_main.md', 420, 438 ]
418 silly gunzTarPerm extractEntry examples/ex03_ping_pong.md
419 silly gunzTarPerm modified mode [ 'examples/ex03_ping_pong.md', 420, 438 ]
420 silly gunzTarPerm extractEntry examples/ex02_events.md
421 silly gunzTarPerm modified mode [ 'examples/ex02_events.md', 420, 438 ]
422 silly gunzTarPerm extractEntry examples/ex01_basic.md
423 silly gunzTarPerm modified mode [ 'examples/ex01_basic.md', 420, 438 ]
424 silly gunzTarPerm extractEntry AUTHORS
425 silly gunzTarPerm modified mode [ 'AUTHORS', 420, 438 ]
426 silly gunzTarPerm extractEntry test.ls
427 silly gunzTarPerm modified mode [ 'test.ls', 493, 511 ]
428 silly gunzTarPerm extractEntry CHANGES.md
429 silly gunzTarPerm modified mode [ 'CHANGES.md', 436, 438 ]
430 silly gunzTarPerm extractEntry package.ls
431 silly gunzTarPerm modified mode [ 'package.ls', 509, 511 ]
432 silly gunzTarPerm extractEntry src/load.js
433 silly gunzTarPerm modified mode [ 'src/load.js', 436, 438 ]
434 silly gunzTarPerm extractEntry src/createPool.js
435 silly gunzTarPerm modified mode [ 'src/createPool.js', 436, 438 ]
436 silly gunzTarPerm extractEntry src/events.js
437 silly gunzTarPerm modified mode [ 'src/events.js', 436, 438 ]
438 silly gunzTarPerm extractEntry src/thread_nextTick.js
439 silly gunzTarPerm modified mode [ 'src/thread_nextTick.js', 436, 438 ]
440 silly gunzTarPerm extractEntry src/worker.js
441 silly gunzTarPerm modified mode [ 'src/worker.js', 436, 438 ]
442 silly gunzTarPerm extractEntry src/createPool.js.c
443 silly gunzTarPerm modified mode [ 'src/createPool.js.c', 420, 438 ]
444 silly gunzTarPerm extractEntry src/createPool.ls
445 silly gunzTarPerm modified mode [ 'src/createPool.ls', 420, 438 ]
446 silly gunzTarPerm extractEntry src/bson.cc
447 silly gunzTarPerm modified mode [ 'src/bson.cc', 436, 438 ]
448 silly gunzTarPerm extractEntry src/events.js.c
449 silly gunzTarPerm modified mode [ 'src/events.js.c', 420, 438 ]
450 silly gunzTarPerm extractEntry src/events.ls
451 silly gunzTarPerm modified mode [ 'src/events.ls', 420, 438 ]
452 silly gunzTarPerm extractEntry src/jslib.cc
453 silly gunzTarPerm modified mode [ 'src/jslib.cc', 420, 438 ]
454 silly gunzTarPerm extractEntry src/WebWorkerThreads.cc
455 silly gunzTarPerm modified mode [ 'src/WebWorkerThreads.cc', 436, 438 ]
456 silly gunzTarPerm extractEntry src/load.js.c
457 silly gunzTarPerm modified mode [ 'src/load.js.c', 436, 438 ]
458 silly gunzTarPerm extractEntry src/load.ls
459 silly gunzTarPerm modified mode [ 'src/load.ls', 420, 438 ]
460 silly gunzTarPerm extractEntry src/nan_isolate_data_accessor.h
461 silly gunzTarPerm modified mode [ 'src/nan_isolate_data_accessor.h', 420, 438 ]
462 silly gunzTarPerm extractEntry src/queues_a_gogo.cc
463 silly gunzTarPerm modified mode [ 'src/queues_a_gogo.cc', 420, 438 ]
464 silly gunzTarPerm extractEntry src/bson.h
465 silly gunzTarPerm modified mode [ 'src/bson.h', 420, 438 ]
466 silly gunzTarPerm extractEntry src/thread_nextTick.js.c
467 silly gunzTarPerm modified mode [ 'src/thread_nextTick.js.c', 420, 438 ]
468 silly gunzTarPerm extractEntry src/thread_nextTick.ls
469 silly gunzTarPerm modified mode [ 'src/thread_nextTick.ls', 420, 438 ]
470 silly gunzTarPerm extractEntry src/ArrayBufferAllocator.h
471 silly gunzTarPerm modified mode [ 'src/ArrayBufferAllocator.h', 420, 438 ]
472 silly gunzTarPerm extractEntry src/worker.js.c
473 silly gunzTarPerm modified mode [ 'src/worker.js.c', 436, 438 ]
474 silly gunzTarPerm extractEntry src/worker.ls
475 silly gunzTarPerm modified mode [ 'src/worker.ls', 420, 438 ]
476 silly gunzTarPerm extractEntry test/ab.js
477 silly gunzTarPerm modified mode [ 'test/ab.js', 420, 438 ]
478 silly gunzTarPerm extractEntry test/test11_multi_callbacks.js
479 silly gunzTarPerm modified mode [ 'test/test11_multi_callbacks.js', 420, 438 ]
480 silly gunzTarPerm extractEntry test/test12_precompiled_vs_normal.js
481 silly gunzTarPerm modified mode [ 'test/test12_precompiled_vs_normal.js', 420, 438 ]
482 silly gunzTarPerm extractEntry test/test13_thread_nextTick_speed.js
483 silly gunzTarPerm modified mode [ 'test/test13_thread_nextTick_speed.js', 420, 438 ]
484 silly gunzTarPerm extractEntry test/test10_node_nextTick_speed.js
485 silly gunzTarPerm modified mode [ 'test/test10_node_nextTick_speed.js', 420, 438 ]
486 silly gunzTarPerm extractEntry test/test15_emit_ping_pong.js
487 silly gunzTarPerm modified mode [ 'test/test15_emit_ping_pong.js', 420, 438 ]
488 silly gunzTarPerm extractEntry test/test16_syntax_error_in_the_thread.js
489 silly gunzTarPerm modified mode [ 'test/test16_syntax_error_in_the_thread.js', 420, 438 ]
490 silly gunzTarPerm extractEntry test/test17_pool_pi.js
491 silly gunzTarPerm modified mode [ 'test/test17_pool_pi.js', 420, 438 ]
492 silly gunzTarPerm extractEntry test/test18_pool_any_as_fast_as_possible.js
493 silly gunzTarPerm modified mode [ 'test/test18_pool_any_as_fast_as_possible.js', 420, 438 ]
494 silly gunzTarPerm extractEntry test/test19_pool_emit_any_all.js
495 silly gunzTarPerm modified mode [ 'test/test19_pool_emit_any_all.js', 420, 438 ]
496 silly gunzTarPerm extractEntry test/test09_throw_from_the_callback.js
497 silly gunzTarPerm modified mode [ 'test/test09_throw_from_the_callback.js', 420, 438 ]
498 silly gunzTarPerm extractEntry test/test20_removeAllListeners.js
499 silly gunzTarPerm modified mode [ 'test/test20_removeAllListeners.js', 420, 438 ]
500 silly gunzTarPerm extractEntry test/test08_sigkill_leaks.js
501 silly gunzTarPerm modified mode [ 'test/test08_sigkill_leaks.js', 420, 438 ]
502 silly gunzTarPerm extractEntry test/test21_emit_ping_pong_big_string.js
503 silly gunzTarPerm modified mode [ 'test/test21_emit_ping_pong_big_string.js', 420, 438 ]
504 silly gunzTarPerm extractEntry test/test07_sigkill.js
505 silly gunzTarPerm modified mode [ 'test/test07_sigkill.js', 420, 438 ]
506 silly gunzTarPerm extractEntry test/test22_create_destroy_loop.js
507 silly gunzTarPerm modified mode [ 'test/test22_create_destroy_loop.js', 420, 438 ]
508 silly gunzTarPerm extractEntry test/test06_throw_from_the_thread.js
509 silly gunzTarPerm modified mode [ 'test/test06_throw_from_the_thread.js', 420, 438 ]
510 silly gunzTarPerm extractEntry test/test23_create_destroy_loop.js
511 silly gunzTarPerm modified mode [ 'test/test23_create_destroy_loop.js', 420, 438 ]
512 silly gunzTarPerm extractEntry test/test05_debugLeaksNoCallbacks.js
513 silly gunzTarPerm modified mode [ 'test/test05_debugLeaksNoCallbacks.js', 420, 438 ]
514 silly gunzTarPerm extractEntry test/test24_puts.js
515 silly gunzTarPerm modified mode [ 'test/test24_puts.js', 420, 438 ]
516 silly gunzTarPerm extractEntry test/test04_gc_versus_not_gc.js
517 silly gunzTarPerm modified mode [ 'test/test04_gc_versus_not_gc.js', 420, 438 ]
518 silly gunzTarPerm extractEntry test/test25_delete_puts.js
519 silly gunzTarPerm modified mode [ 'test/test25_delete_puts.js', 420, 438 ]
520 silly gunzTarPerm extractEntry test/test03_infiniteLoopFunction.js
521 silly gunzTarPerm modified mode [ 'test/test03_infiniteLoopFunction.js', 420, 438 ]
522 silly gunzTarPerm extractEntry test/test26_puts_with_many_args.js
523 silly gunzTarPerm modified mode [ 'test/test26_puts_with_many_args.js', 420, 438 ]
524 silly gunzTarPerm extractEntry test/test02_loop_as_fast_as_possible.js
525 silly gunzTarPerm modified mode [ 'test/test02_loop_as_fast_as_possible.js', 420, 438 ]
526 silly gunzTarPerm extractEntry test/test27_puts_event_loop.js
527 silly gunzTarPerm modified mode [ 'test/test27_puts_event_loop.js', 420, 438 ]
528 silly gunzTarPerm extractEntry test/test01_loop_as_fast_as_possible.js
529 silly gunzTarPerm modified mode [ 'test/test01_loop_as_fast_as_possible.js', 420, 438 ]
530 silly gunzTarPerm extractEntry test/test28_puts_nextTick_loop.js
531 silly gunzTarPerm modified mode [ 'test/test28_puts_nextTick_loop.js', 420, 438 ]
532 silly gunzTarPerm extractEntry test/test00_run_once_and_destroy.js
533 silly gunzTarPerm modified mode [ 'test/test00_run_once_and_destroy.js', 436, 438 ]
534 silly gunzTarPerm extractEntry test/test29_puts_callback_loop.js
535 silly gunzTarPerm modified mode [ 'test/test29_puts_callback_loop.js', 420, 438 ]
536 silly gunzTarPerm extractEntry test/test14_emit_once.js
537 silly gunzTarPerm modified mode [ 'test/test14_emit_once.js', 420, 438 ]
538 silly gunzTarPerm extractEntry .editorconfig
539 silly gunzTarPerm modified mode [ '.editorconfig', 420, 438 ]
540 silly gunzTarPerm extractEntry .travis.yml
541 silly gunzTarPerm modified mode [ '.travis.yml', 436, 438 ]
542 silly gunzTarPerm extractEntry deps/minifier/bin/.keep
543 silly gunzTarPerm modified mode [ 'deps/minifier/bin/.keep', 436, 438 ]
544 silly gunzTarPerm extractEntry deps/minifier/src/minify.c
545 silly gunzTarPerm modified mode [ 'deps/minifier/src/minify.c', 420, 438 ]
546 silly gunzTarPerm extractEntry deps/minifier/src/test
547 silly gunzTarPerm modified mode [ 'deps/minifier/src/test', 493, 511 ]
548 silly gunzTarPerm extractEntry deps/minifier/src/test.include.c
549 silly gunzTarPerm modified mode [ 'deps/minifier/src/test.include.c', 420, 438 ]
550 silly gunzTarPerm extractEntry deps/minifier/src/test_minifier.c
551 silly gunzTarPerm modified mode [ 'deps/minifier/src/test_minifier.c', 420, 438 ]
552 silly gentlyRm C:\Users\Jakob\Desktop\Projekt\campaign_id\node_modules\.staging\webworker-threads-bd6e6812\node_modules is being purged
553 verbose gentlyRm don't care about contents; nuking C:\Users\Jakob\Desktop\Projekt\campaign_id\node_modules\.staging\webworker-threads-bd6e6812\node_modules
554 silly doParallel preinstall 3
555 silly preinstall bindings@1.2.1 C:\Users\Jakob\Desktop\Projekt\campaign_id\node_modules\.staging\bindings-f366c10a
556 info lifecycle bindings@1.2.1~preinstall: bindings@1.2.1
557 silly preinstall nan@2.4.0 C:\Users\Jakob\Desktop\Projekt\campaign_id\node_modules\.staging\nan-9a59fd60
558 info lifecycle nan@2.4.0~preinstall: nan@2.4.0
559 silly preinstall webworker-threads@0.7.9 C:\Users\Jakob\Desktop\Projekt\campaign_id\node_modules\.staging\webworker-threads-bd6e6812
560 info lifecycle webworker-threads@0.7.9~preinstall: webworker-threads@0.7.9
561 silly lifecycle bindings@1.2.1~preinstall: no script for preinstall, continuing
562 silly lifecycle nan@2.4.0~preinstall: no script for preinstall, continuing
563 silly lifecycle webworker-threads@0.7.9~preinstall: no script for preinstall, continuing
564 silly doReverseSerial remove 0
565 silly doSerial move 0
566 silly doSerial finalize 3
567 silly finalize C:\Users\Jakob\Desktop\Projekt\campaign_id\node_modules\bindings
568 silly finalize C:\Users\Jakob\Desktop\Projekt\campaign_id\node_modules\nan
569 silly finalize C:\Users\Jakob\Desktop\Projekt\campaign_id\node_modules\webworker-threads
570 silly doSerial build 3
571 silly build bindings@1.2.1
572 info linkStuff bindings@1.2.1
573 silly linkStuff bindings@1.2.1 has C:\Users\Jakob\Desktop\Projekt\campaign_id\node_modules as its parent node_modules
574 verbose linkBins bindings@1.2.1
575 verbose linkMans bindings@1.2.1
576 silly build nan@2.4.0
577 info linkStuff nan@2.4.0
578 silly linkStuff nan@2.4.0 has C:\Users\Jakob\Desktop\Projekt\campaign_id\node_modules as its parent node_modules
579 verbose linkBins nan@2.4.0
580 verbose linkMans nan@2.4.0
581 silly build webworker-threads@0.7.9
582 info linkStuff webworker-threads@0.7.9
583 silly linkStuff webworker-threads@0.7.9 has C:\Users\Jakob\Desktop\Projekt\campaign_id\node_modules as its parent node_modules
584 verbose linkBins webworker-threads@0.7.9
585 verbose linkMans webworker-threads@0.7.9
586 silly doSerial global-link 0
587 silly doParallel update-linked 0
588 silly doSerial install 3
589 silly install bindings@1.2.1 C:\Users\Jakob\Desktop\Projekt\campaign_id\node_modules\.staging\bindings-f366c10a
590 info lifecycle bindings@1.2.1~install: bindings@1.2.1
591 silly lifecycle bindings@1.2.1~install: no script for install, continuing
592 silly install nan@2.4.0 C:\Users\Jakob\Desktop\Projekt\campaign_id\node_modules\.staging\nan-9a59fd60
593 info lifecycle nan@2.4.0~install: nan@2.4.0
594 silly lifecycle nan@2.4.0~install: no script for install, continuing
595 silly install webworker-threads@0.7.9 C:\Users\Jakob\Desktop\Projekt\campaign_id\node_modules\.staging\webworker-threads-bd6e6812
596 info lifecycle webworker-threads@0.7.9~install: webworker-threads@0.7.9
597 verbose lifecycle webworker-threads@0.7.9~install: unsafe-perm in lifecycle true
598 verbose lifecycle webworker-threads@0.7.9~install: PATH: C:\Program Files\nodejs\node_modules\npm\bin\node-gyp-bin;C:\Users\Jakob\Desktop\Projekt\campaign_id\node_modules\webworker-threads\node_modules\.bin;C:\Users\Jakob\Desktop\Projekt\campaign_id\node_modules\.bin;C:\Program Files\Git\cmd;C:\Python27\;C:\Python27\Scripts;C:\ProgramData\Oracle\Java\javapath;C:\Windows\system32;C:\Windows;C:\Windows\System32\Wbem;C:\Windows\System32\WindowsPowerShell\v1.0\;c:\Program Files\Microsoft SQL Server\110\Tools\Binn\;c:\Program Files\Microsoft SQL Server\110\DTS\Binn\;c:\Program Files\Microsoft SQL Server\110\Tools\Binn\ManagementStudio\;C:\Program Files\nodejs\;C:\Python27\;C:\Python27\Scripts;C:\ProgramData\Oracle\Java\javapath;C:\Windows\system32;C:\Windows;C:\Windows\System32\Wbem;C:\Windows\System32\WindowsPowerShell\v1.0\;c:\Program Files\Microsoft SQL Server\110\Tools\Binn\;c:\Program Files\Microsoft SQL Server\110\DTS\Binn\;c:\Program Files\Microsoft SQL Server\110\Tools\Binn\ManagementStudio\;C:\Program Files\nodejs\;C:\Users\Jakob\AppData\Roaming\npm;C:\Program Files\Apache Software Foundation\CouchDB\bin;C:\xampp\mysql\bin
599 verbose lifecycle webworker-threads@0.7.9~install: CWD: C:\Users\Jakob\Desktop\Projekt\campaign_id\node_modules\webworker-threads
600 silly lifecycle webworker-threads@0.7.9~install: Args: [ '/d /s /c', 'node-gyp rebuild' ]
601 silly lifecycle webworker-threads@0.7.9~install: Returned: code: 1  signal: null
602 info lifecycle webworker-threads@0.7.9~install: Failed to exec install script
603 verbose unlock done using C:\Users\Jakob\AppData\Roaming\npm-cache\_locks\staging-45b35c22d492c3e8.lock for C:\Users\Jakob\Desktop\Projekt\campaign_id\node_modules\.staging
604 silly rollbackFailedOptional Starting
605 silly rollbackFailedOptional Finishing
606 silly runTopLevelLifecycles Finishing
607 silly install printInstalled
608 warn enoent ENOENT: no such file or directory, open 'C:\Users\Jakob\Desktop\Projekt\campaign_id\package.json'
609 verbose enoent ENOENT: no such file or directory, open 'C:\Users\Jakob\Desktop\Projekt\campaign_id\package.json'
609 verbose enoent This is most likely not a problem with npm itself
609 verbose enoent and is related to npm not being able to find a file.
610 warn campaign_id No description
611 verbose If you need help, you may report this error at:
611 verbose     <https://github.com/npm/npm/issues>
612 warn campaign_id No repository field.
613 verbose If you need help, you may report this error at:
613 verbose     <https://github.com/npm/npm/issues>
614 warn campaign_id No README data
615 verbose If you need help, you may report this error at:
615 verbose     <https://github.com/npm/npm/issues>
616 warn campaign_id No license field.
617 verbose If you need help, you may report this error at:
617 verbose     <https://github.com/npm/npm/issues>
618 verbose stack Error: webworker-threads@0.7.9 install: `node-gyp rebuild`
618 verbose stack Exit status 1
618 verbose stack     at EventEmitter.<anonymous> (C:\Program Files\nodejs\node_modules\npm\lib\utils\lifecycle.js:255:16)
618 verbose stack     at emitTwo (events.js:106:13)
618 verbose stack     at EventEmitter.emit (events.js:191:7)
618 verbose stack     at ChildProcess.<anonymous> (C:\Program Files\nodejs\node_modules\npm\lib\utils\spawn.js:40:14)
618 verbose stack     at emitTwo (events.js:106:13)
618 verbose stack     at ChildProcess.emit (events.js:191:7)
618 verbose stack     at maybeClose (internal/child_process.js:877:16)
618 verbose stack     at Process.ChildProcess._handle.onexit (internal/child_process.js:226:5)
619 verbose pkgid webworker-threads@0.7.9
620 verbose cwd C:\Users\Jakob\Desktop\Projekt\campaign_id
621 error Windows_NT 6.1.7601
622 error argv "C:\\Program Files\\nodejs\\node.exe" "C:\\Program Files\\nodejs\\node_modules\\npm\\bin\\npm-cli.js" "install" "webworker-threads"
623 error node v6.9.1
624 error npm  v3.10.8
625 error code ELIFECYCLE
626 error webworker-threads@0.7.9 install: `node-gyp rebuild`
626 error Exit status 1
627 error Failed at the webworker-threads@0.7.9 install script 'node-gyp rebuild'.
627 error Make sure you have the latest version of node.js and npm installed.
627 error If you do, this is most likely a problem with the webworker-threads package,
627 error not with npm itself.
627 error Tell the author that this fails on your system:
627 error     node-gyp rebuild
627 error You can get information on how to open an issue for this project with:
627 error     npm bugs webworker-threads
627 error Or if that isn't available, you can get their info via:
627 error     npm owner ls webworker-threads
627 error There is likely additional logging output above.
628 verbose exit [ 1, true ]
